<?xml version="1.0" encoding="UTF-8"?>
<testsuite xmlns:xsi="http://www.w3.org/2001/XMLSchema-instance" xsi:noNamespaceSchemaLocation="https://maven.apache.org/surefire/maven-surefire-plugin/xsd/surefire-test-report-3.0.xsd" version="3.0" name="com.udacity.catpoint.security.service.SecurityServiceTest" time="1.195" tests="19" errors="0" skipped="0" failures="0">
  <properties>
[...]
</properties>
  <testcase name="sensorActivated_getActiveSensorAndAddSensor" classname="com.udacity.catpoint.security.service.SecurityServiceTest" time="0.923"/>
  <testcase name="systemIsArmedHomeAndWhileCameraShowsACat_setAlarmStatusToAlarm" classname="com.udacity.catpoint.security.service.SecurityServiceTest" time="0.025"/>
  <testcase name="alarmActiveAndChangeSensorState_shouldNotAffectAlarmState(boolean)[1]" classname="com.udacity.catpoint.security.service.SecurityServiceTest" time="0.024"/>
  <testcase name="alarmActiveAndChangeSensorState_shouldNotAffectAlarmState(boolean)[2]" classname="com.udacity.catpoint.security.service.SecurityServiceTest" time="0.007"/>
  <testcase name="alarmArmedHome_sensorActivated_alarmStatusPutToPending_alarmStatusToAlarm" classname="com.udacity.catpoint.security.service.SecurityServiceTest" time="0.007"/>
  <testcase name="pendingAlarmedAndAllSensorsInactived_returnNoAlarmState(AlarmStatus)[1]" classname="com.udacity.catpoint.security.service.SecurityServiceTest" time="0.005"/>
  <testcase name="ifAlarmIsActiveAndSystemDisarmed_changeStatusPutToPending" classname="com.udacity.catpoint.security.service.SecurityServiceTest" time="0.005"/>
  <testcase name="systemIsArmedAway_resetAllSensorsInactive" classname="com.udacity.catpoint.security.service.SecurityServiceTest" time="0.004"/>
  <testcase name="alarmArmedAwayAndSensorActivated_changeStatusPutToPending" classname="com.udacity.catpoint.security.service.SecurityServiceTest" time="0.004"/>
  <testcase name="sensorDeactivatedAndWhileAlreadyInactive_makeNoChangeTheAlarmState(AlarmStatus)[1]" classname="com.udacity.catpoint.security.service.SecurityServiceTest" time="0.006"/>
  <testcase name="sensorDeactivatedAndWhileAlreadyInactive_makeNoChangeTheAlarmState(AlarmStatus)[2]" classname="com.udacity.catpoint.security.service.SecurityServiceTest" time="0.004"/>
  <testcase name="sensorActivatedAndAlreadyActiveAndSystemPendingState_changeToAlarmState" classname="com.udacity.catpoint.security.service.SecurityServiceTest" time="0.003"/>
  <testcase name="alarmArmedHomeAndSensorActivated_changeStatusPutToPending" classname="com.udacity.catpoint.security.service.SecurityServiceTest" time="0.004"/>
  <testcase name="setFalseActivationStatusForSensors" classname="com.udacity.catpoint.security.service.SecurityServiceTest" time="0.003"/>
  <testcase name="identifiesAnImageNotContainACat_changeStatusToNoAlarmAsLongAsSensorsAreNotActive" classname="com.udacity.catpoint.security.service.SecurityServiceTest" time="0.005"/>
  <testcase name="systemIsArmedHome_resetAllSensorsInactive" classname="com.udacity.catpoint.security.service.SecurityServiceTest" time="0.004"/>
  <testcase name="alarmArmedAway_sensorActivated_alarmStatusPutToPending_alarmStatusToAlarm" classname="com.udacity.catpoint.security.service.SecurityServiceTest" time="0.003"/>
  <testcase name="systemIsDisarmed_setTheStatusToNoAlarm" classname="com.udacity.catpoint.security.service.SecurityServiceTest" time="0.003"/>
  <testcase name="identifiesAnImageContainACatAndWhileSystemArmedHome_putSystemIntoAlarmStatus" classname="com.udacity.catpoint.security.service.SecurityServiceTest" time="0.002"/>
</testsuite>